<?xml version="1.0" encoding="UTF-8"?>
<!-- Generated by org.testng.reporters.JUnitReportReporter -->
<testsuite hostname="Administrator" name="pagetests.VerifySampleTestCase" tests="16" failures="0" timestamp="2 Nov 2015 09:45:02 GMT" time="95.519" errors="0">
  <testcase name="test_4" time="6.866" classname="pagetests.VerifySampleTestCase"/>
  <testcase name="test_3" time="8.753" classname="pagetests.VerifySampleTestCase"/>
  <testcase name="test_1" time="4.046" classname="pagetests.VerifySampleTestCase"/>
  <testcase name="test_2" time="3.869" classname="pagetests.VerifySampleTestCase"/>
  <testcase name="test_4" time="7.108" classname="pagetests.VerifySampleTestCase"/>
  <testcase name="test_4" time="6.862" classname="pagetests.VerifySampleTestCase"/>
  <testcase name="test_1" time="4.540" classname="pagetests.VerifySampleTestCase"/>
  <testcase name="test_1" time="4.581" classname="pagetests.VerifySampleTestCase"/>
  <testcase name="test_3" time="6.995" classname="pagetests.VerifySampleTestCase"/>
  <testcase name="test_2" time="3.892" classname="pagetests.VerifySampleTestCase"/>
  <testcase name="test_3" time="6.877" classname="pagetests.VerifySampleTestCase"/>
  <testcase name="test_4" time="6.907" classname="pagetests.VerifySampleTestCase"/>
  <testcase name="test_4" time="6.870" classname="pagetests.VerifySampleTestCase"/>
  <testcase name="test_4" time="6.891" classname="pagetests.VerifySampleTestCase"/>
  <testcase name="test_2" time="3.592" classname="pagetests.VerifySampleTestCase"/>
  <testcase name="test_4" time="6.870" classname="pagetests.VerifySampleTestCase"/>
</testsuite> <!-- pagetests.VerifySampleTestCase -->
