<?xml version="1.0" encoding="UTF-8"?>
<!-- Generated by org.testng.reporters.JUnitReportReporter -->
<testsuite hostname="Administrator" name="pagetests.VerifyDataProviderExcel" tests="7" failures="0" timestamp="31 Oct 2015 21:31:00 GMT" time="50.039" errors="0">
  <testcase name="test_1" time="7.031" classname="pagetests.VerifyDataProviderExcel"/>
  <testcase name="test_1" time="6.954" classname="pagetests.VerifyDataProviderExcel"/>
  <testcase name="test_1" time="6.916" classname="pagetests.VerifyDataProviderExcel"/>
  <testcase name="test_1" time="8.219" classname="pagetests.VerifyDataProviderExcel"/>
  <testcase name="test_1" time="6.909" classname="pagetests.VerifyDataProviderExcel"/>
  <testcase name="test_1" time="7.050" classname="pagetests.VerifyDataProviderExcel"/>
  <testcase name="test_1" time="6.960" classname="pagetests.VerifyDataProviderExcel"/>
</testsuite> <!-- pagetests.VerifyDataProviderExcel -->
