<?xml version="1.0" encoding="UTF-8"?>
<!-- Generated by org.testng.reporters.JUnitReportReporter -->
<testsuite hostname="Administrator" name="maven_sample.trial" tests="3" failures="0" timestamp="2 Nov 2015 09:26:58 GMT" time="18.263" errors="0">
  <testcase name="test_1" time="6.497" classname="maven_sample.trial"/>
  <testcase name="test_3" time="2.893" classname="maven_sample.trial"/>
  <testcase name="test_2" time="8.873" classname="maven_sample.trial"/>
</testsuite> <!-- maven_sample.trial -->
