<?xml version="1.0" encoding="UTF-8"?>
<!-- Generated by org.testng.reporters.JUnitReportReporter -->
<testsuite hostname="Administrator" name="maven_sample.selectOption" tests="1" failures="0" timestamp="27 Oct 2015 18:25:51 GMT" time="1.505" errors="0">
  <testcase name="test_1" time="1.505" classname="maven_sample.selectOption"/>
</testsuite> <!-- maven_sample.selectOption -->
