<?xml version="1.0" encoding="UTF-8"?>
<!-- Generated by org.testng.reporters.JUnitReportReporter -->
<testsuite hostname="Administrator" name="pagetests.b" tests="1" failures="0" timestamp="27 Oct 2015 07:41:25 GMT" time="0.011" errors="0">
  <testcase name="test_1" time="0.011" classname="pagetests.b"/>
</testsuite> <!-- pagetests.b -->
