<?xml version="1.0" encoding="UTF-8"?>
<!-- Generated by org.testng.reporters.JUnitReportReporter -->
<testsuite hostname="Administrator" name="pagetests.trial" tests="3" failures="0" timestamp="27 Oct 2015 04:53:53 GMT" time="16.656" errors="0">
  <testcase name="test_1" time="5.109" classname="pagetests.trial"/>
  <testcase name="test_3" time="2.655" classname="pagetests.trial"/>
  <testcase name="test_2" time="8.892" classname="pagetests.trial"/>
</testsuite> <!-- pagetests.trial -->
