<?xml version="1.0" encoding="UTF-8"?>
<!-- Generated by org.testng.reporters.JUnitReportReporter -->
<testsuite hostname="Administrator" name="pagetests.VerifySampleTestCase" tests="16" failures="0" timestamp="2 Nov 2015 09:41:28 GMT" time="95.178" errors="0">
  <testcase name="test_4" time="6.922" classname="pagetests.VerifySampleTestCase"/>
  <testcase name="test_1" time="4.531" classname="pagetests.VerifySampleTestCase"/>
  <testcase name="test_4" time="7.201" classname="pagetests.VerifySampleTestCase"/>
  <testcase name="test_3" time="6.881" classname="pagetests.VerifySampleTestCase"/>
  <testcase name="test_1" time="4.534" classname="pagetests.VerifySampleTestCase"/>
  <testcase name="test_2" time="3.526" classname="pagetests.VerifySampleTestCase"/>
  <testcase name="test_4" time="6.844" classname="pagetests.VerifySampleTestCase"/>
  <testcase name="test_2" time="3.927" classname="pagetests.VerifySampleTestCase"/>
  <testcase name="test_3" time="8.173" classname="pagetests.VerifySampleTestCase"/>
  <testcase name="test_4" time="6.870" classname="pagetests.VerifySampleTestCase"/>
  <testcase name="test_2" time="3.896" classname="pagetests.VerifySampleTestCase"/>
  <testcase name="test_4" time="6.910" classname="pagetests.VerifySampleTestCase"/>
  <testcase name="test_4" time="6.994" classname="pagetests.VerifySampleTestCase"/>
  <testcase name="test_1" time="4.014" classname="pagetests.VerifySampleTestCase"/>
  <testcase name="test_4" time="6.927" classname="pagetests.VerifySampleTestCase"/>
  <testcase name="test_3" time="7.028" classname="pagetests.VerifySampleTestCase"/>
</testsuite> <!-- pagetests.VerifySampleTestCase -->
